C51 COMPILER V9.59.0.0   CHR                                                               07/19/2026 20:13:36 PAGE 1   


C51 COMPILER V9.59.0.0, COMPILATION OF MODULE CHR
OBJECT MODULE PLACED IN .\Objects\CHR.obj
COMPILER INVOKED BY: D:\Keil_v5\C51\BIN\C51.EXE DRIVER\CHR.c LARGE RTX51 OPTIMIZE(9,SIZE) BROWSE INCDIR(.\DRIVER;..\51_1
                    -8650bsmb;.\SYS) DEBUG OBJECTEXTEND PRINT(.\Listings\CHR.lst) TABS(2) OBJECT(.\Objects\CHR.obj)

line level    source

   1          #include "CHR.h"
   2          
   3          #define CHR_CH1 P14
   4          #define CHR_CH2 P15
   5          #define CHR_CH3 P54
   6          #define CHR_CH4 P55
   7          
   8          // TP4056 CE低电平启用充电 默认不启用
   9          void CHR_Init(void) {
  10   1        CHR_CH1 = 1;
  11   1        CHR_CH2 = 1;
  12   1        CHR_CH3 = 1;
  13   1        CHR_CH4 = 1;
  14   1      }
  15          
  16          void CHR_Set_CH1(uint8_t state) { CHR_CH1 = state; }
  17          
  18          void CHR_Set_CH2(uint8_t state) { CHR_CH2 = state; }
  19          
  20          void CHR_Set_CH3(uint8_t state) { CHR_CH3 = state; }
  21          
  22          void CHR_Set_CH4(uint8_t state) { CHR_CH4 = state; }
  23          
  24          void CHR_Set_CH(uint8_t ch, uint8_t state) {
  25   1        switch (ch) {
  26   2        case 1:
  27   2          CHR_Set_CH1(state);
  28   2          break;
  29   2        case 2:
  30   2          CHR_Set_CH2(state);
  31   2          break;
  32   2        case 3:
  33   2          CHR_Set_CH3(state);
  34   2          break;
  35   2        case 4:
  36   2          CHR_Set_CH4(state);
  37   2          break;
  38   2        default:
  39   2          break;
  40   2        }
  41   1      }


MODULE INFORMATION:   STATIC OVERLAYABLE
   CODE SIZE        =     69    ----
   CONSTANT SIZE    =   ----    ----
   XDATA SIZE       =   ----    ----
   PDATA SIZE       =   ----    ----
   DATA SIZE        =   ----    ----
   IDATA SIZE       =   ----    ----
   BIT SIZE         =   ----    ----
END OF MODULE INFORMATION.


C51 COMPILATION COMPLETE.  0 WARNING(S),  0 ERROR(S)
