C51 COMPILER V9.59.0.0   DELAY                                                             07/20/2026 20:51:50 PAGE 1   


C51 COMPILER V9.59.0.0, COMPILATION OF MODULE DELAY
OBJECT MODULE PLACED IN .\Objects\Delay.obj
COMPILER INVOKED BY: D:\Keil_v5\C51\BIN\C51.EXE SYS\Delay.c LARGE RTX51 OPTIMIZE(9,SIZE) BROWSE INCDIR(.\DRIVER;..\51_18
                    -650bsmb;.\SYS) DEBUG OBJECTEXTEND PRINT(.\Listings\Delay.lst) TABS(2) OBJECT(.\Objects\Delay.obj)

line level    source

   1          #include "stc15w.h"
   2          
   3          // void Delay1000ms(void) //@11.0592MHz
   4          // {
   5          //   uint8_t data i, j, k;
   6          
   7          //   _nop_();
   8          //   _nop_();
   9          //   i = 43;
  10          //   j = 6;
  11          //   k = 203;
  12          //   do {
  13          //     do {
  14          //       while (--k)
  15          //         ;
  16          //     } while (--j);
  17          //   } while (--i);
  18          // }
  19          
  20          void Delay1ms(void) //@35.000MHz
  21          {
  22   1        unsigned char data i, j;
  23   1      
  24   1        i = 35;
  25   1        j = 8;
  26   1        do {
  27   2          while (--j)
  28   2            ;
  29   2        } while (--i);
  30   1      }
  31          
  32          // void Delay1us(void) //@11.0592MHz
  33          // {
  34          //   _nop_();
  35          //   _nop_();
  36          //   _nop_();
  37          // }
  38          
  39          void delay_ms(uint16_t ms) {
  40   1        while (ms--)
  41   1          Delay1ms();
  42   1      }


MODULE INFORMATION:   STATIC OVERLAYABLE
   CODE SIZE        =     29    ----
   CONSTANT SIZE    =   ----    ----
   XDATA SIZE       =   ----    ----
   PDATA SIZE       =   ----    ----
   DATA SIZE        =   ----       2
   IDATA SIZE       =   ----    ----
   BIT SIZE         =   ----    ----
END OF MODULE INFORMATION.


C51 COMPILATION COMPLETE.  0 WARNING(S),  0 ERROR(S)
