C51 COMPILER V9.59.0.0   KEY                                                               07/19/2026 19:58:58 PAGE 1   


C51 COMPILER V9.59.0.0, COMPILATION OF MODULE KEY
OBJECT MODULE PLACED IN .\Objects\key.obj
COMPILER INVOKED BY: D:\Keil_v5\C51\BIN\C51.EXE DRIVER\key.c LARGE RTX51 OPTIMIZE(9,SIZE) BROWSE INCDIR(.\DRIVER;..\51_1
                    -8650bsmb;.\SYS) DEBUG OBJECTEXTEND PRINT(.\Listings\key.lst) TABS(2) OBJECT(.\Objects\key.obj)

line level    source

   1          #include "key.h"
   2          
   3          #define THRESHOLD_ADD P33
   4          #define THRESHOLD_SUB P32
   5          
   6          uint8_t threshold = 70;
   7          volatile uint8_t key_event_flag = 0; // volatile：中断会修改
   8          uint16_t key_press_tick = 0;
   9          uint16_t key_last_repeat_tick = 0;
  10          bit key_was_pressed = 0;
  11          
  12          void KEY_Init(void) {
  13   1        P3M0 &= ~(0x0C);
  14   1        P3M1 &= ~(0x0C);
  15   1        P32 = 1;
  16   1        P33 = 1;
  17   1      
  18   1        IT0 = 1;
  19   1        IT1 = 1;
  20   1        EX0 = 1;
  21   1        EX1 = 1;
  22   1      }
  23          
  24          void EXTI0_IRQHandler(void) interrupt 0 { key_event_flag = 1; }
  25          void EXTI1_IRQHandler(void) interrupt 2 { key_event_flag = 2; }
  26          
  27          /**
  28           * @brief 按键扫描处理（非阻塞）
  29           *        所有对 threshold/key_event_flag 的操作都关中断保护
  30           */
  31          bit KEY_Scan_Handle(uint16_t now_tick) {
  32   1        bit changed = 0;
  33   1        uint8_t key_down = 0;
  34   1        uint8_t flag;
  35   1      
  36   1        EA = 0;
  37   1        flag = key_event_flag;
  38   1        EA = 1;
  39   1      
  40   1        // 直接读引脚电平，不依赖flag（长按期间无中断产生）
  41   1        if (THRESHOLD_SUB == 0)
  42   1          key_down = 1;
  43   1        if (THRESHOLD_ADD == 0)
  44   1          key_down = 2;
  45   1      
  46   1        // 按键未按下
  47   1        if (key_down == 0) {
  48   2          key_was_pressed = 0;
  49   2          if (flag != 0) {
  50   3            EA = 0;
  51   3            key_event_flag = 0;
  52   3            EA = 1;
  53   3          }
  54   2          return 0;
C51 COMPILER V9.59.0.0   KEY                                                               07/19/2026 19:58:58 PAGE 2   

  55   2        }
  56   1      
  57   1        // 确认按键后清flag
  58   1        if (flag != 0) {
  59   2          EA = 0;
  60   2          key_event_flag = 0;
  61   2          EA = 1;
  62   2        }
  63   1      
  64   1        if (!key_was_pressed) {
  65   2          key_was_pressed = 1;
  66   2          key_press_tick = now_tick;
  67   2          key_last_repeat_tick = now_tick;
  68   2      
  69   2          EA = 0;
  70   2          if (key_down == 1 && threshold > 0) {
  71   3            threshold--;
  72   3            changed = 1;
  73   3          }
  74   2          if (key_down == 2 && threshold < 100) {
  75   3            threshold++;
  76   3            changed = 1;
  77   3          }
  78   2          EA = 1;
  79   2          return changed;
  80   2        }
  81   1      
  82   1        // 长按：按稳300tick后，每150tick重复1次（每次只加减1个值，避免突变）
  83   1        if ((now_tick - key_press_tick) >= 300 &&
  84   1            (now_tick - key_last_repeat_tick) >= 150) {
  85   2          key_last_repeat_tick = now_tick;
  86   2          EA = 0;
  87   2          if (key_down == 1 && threshold > 0) {
  88   3            threshold--;
  89   3            changed = 1;
  90   3          }
  91   2          if (key_down == 2 && threshold < 100) {
  92   3            threshold++;
  93   3            changed = 1;
  94   3          }
  95   2          EA = 1;
  96   2        }
  97   1      
  98   1        return changed;
  99   1      }
 100          
 101          uint8_t KEY_GetThreshold(void) {
 102   1        uint8_t val;
 103   1        EA = 0;
 104   1        val = threshold;
 105   1        EA = 1;
 106   1        return val;
 107   1      }


MODULE INFORMATION:   STATIC OVERLAYABLE
   CODE SIZE        =    292    ----
   CONSTANT SIZE    =   ----    ----
   XDATA SIZE       =      6    ----
   PDATA SIZE       =   ----    ----
   DATA SIZE        =   ----    ----
   IDATA SIZE       =   ----    ----
C51 COMPILER V9.59.0.0   KEY                                                               07/19/2026 19:58:58 PAGE 3   

   BIT SIZE         =      1       1
END OF MODULE INFORMATION.


C51 COMPILATION COMPLETE.  0 WARNING(S),  0 ERROR(S)
