C51 COMPILER V9.59.0.0   MAIN                                                              07/14/2026 14:18:47 PAGE 1   


C51 COMPILER V9.59.0.0, COMPILATION OF MODULE MAIN
OBJECT MODULE PLACED IN .\Objects\main.obj
COMPILER INVOKED BY: D:\Keil_v5\C51\BIN\C51.EXE main.c OPTIMIZE(8,SPEED) BROWSE DEBUG OBJECTEXTEND PRINT(.\Listings\main
                    -.lst) TABS(2) OBJECT(.\Objects\main.obj)

line level    source

   1          #include "delay.h"
   2          #include "ir_receive.h"
   3          #include "relay.h"
   4          #include "stc15w.h"
   5          #include "uart.h"
   6          
   7          void main() {
   8   1        UART_Init();
   9   1        UART_SendString((uint8_t *)"Booting ....\r\n");
  10   1      
  11   1        /*初始化位*/
  12   1        init_relays();
  13   1        IR_Init();
  14   1      
  15   1        // [DBG] 00 FF 30 CF Key:0x30
  16   1        // Unknown Key
  17   1        // [DBG] 00 FF 18 E7 Key:0x18
  18   1        // Running Light ON
  19   1        // [DBG] 00 FF 7A 85 Key:0x7A
  20   1        // Unknown Key
  21   1        // [DBG] 00 FF 10 EF Key:0x10
  22   1        // Unknown Key
  23   1        // [DBG] 00 FF 90 6F Key:0x90
  24   1        // Unknown Key
  25   1        // [DBG] 00 FF A8 57 Key:0xA8
  26   1        // Unknown Key
  27   1        // [DBG] 00 FF 02 FD Key:0x02
  28   1        // Unknown Key
  29   1        // [DBG] 00 FF C2 3D Key:0xC2
  30   1        // Unknown Key
  31   1      
  32   1        /*自检*/
  33   1        UART_SendString((uint8_t *)"Booted Relay Self-Checking ....\r\n");
  34   1        Delay_ms(500);
  35   1        Relay_self_checking_relays();
  36   1        UART_SendString((uint8_t *)"Relay Self-Checking Completed.\r\n");
  37   1        Relay_set_ao_led();
  38   1        while (1) {
  39   2          Relay_set_ao_led();
  40   2          if (ir_receive_complete) {
  41   3            uint8_t key = IR_GetKeyCode();
  42   3      
  43   3            // 调试：打印红外原始数据
  44   3            UART_SendString((uint8_t *)"[DBG] ");
  45   3            UART_SendHex(ir_raw_data[0]);
  46   3            UART_SendByte(' ');
  47   3            UART_SendHex(ir_raw_data[1]);
  48   3            UART_SendByte(' ');
  49   3            UART_SendHex(ir_raw_data[2]);
  50   3            UART_SendByte(' ');
  51   3            UART_SendHex(ir_raw_data[3]);
  52   3            UART_SendString((uint8_t *)" Key:0x");
  53   3            UART_SendHex(key);
  54   3            UART_SendString((uint8_t *)"\r\n");
C51 COMPILER V9.59.0.0   MAIN                                                              07/14/2026 14:18:47 PAGE 2   

  55   3      
  56   3            // 按键功能映射（直接使用按键编码）
  57   3            switch (key) {
  58   4            case 0x30: // CH1 切换
  59   4              Relay_toggle(1);
  60   4              UART_SendString((uint8_t *)"Toggled Relay 1\n");
  61   4              break;
  62   4            case 0x18: // CH2 切换
  63   4              Relay_toggle(2);
  64   4              UART_SendString((uint8_t *)"Toggled Relay 2\n");
  65   4              break;
  66   4            case 0x7A: // CH3 切换
  67   4              Relay_toggle(3);
  68   4              UART_SendString((uint8_t *)"Toggled Relay 3\n");
  69   4              break;
  70   4            case 0x10: // CH4 切换
  71   4              Relay_toggle(4);
  72   4              UART_SendString((uint8_t *)"Toggled Relay 4\n");
  73   4              break;
  74   4            case 0x90: // 上键：关闭所有 → 流水灯开启
  75   4            case 0xA8: // 下键：关闭所有 → 流水灯开启
  76   4              UART_SendString((uint8_t *)"Running Light ON\n");
  77   4              Relay_running_light_on();
  78   4              break;
  79   4            case 0x02: // 左键：开启所有 → 流水灯关闭
  80   4            case 0xC2: // 右键：开启所有 → 流水灯关闭
  81   4              UART_SendString((uint8_t *)"Running Light OFF\n");
  82   4              Relay_running_light_off();
  83   4              break;
  84   4            case 0x22: // 翻转所有继电器状态
  85   4              Relay_toggle_all();
  86   4              UART_SendString((uint8_t *)"Toggled All Relays\n");
  87   4              break;
  88   4            default:
  89   4              UART_SendString((uint8_t *)"Unknown Key\n");
  90   4              break;
  91   4            }
  92   3            UART_SendHex(Relay_get_status());
  93   3          }
  94   2        }
  95   1      }


MODULE INFORMATION:   STATIC OVERLAYABLE
   CODE SIZE        =    270    ----
   CONSTANT SIZE    =    238    ----
   XDATA SIZE       =   ----    ----
   PDATA SIZE       =   ----    ----
   DATA SIZE        =   ----       1
   IDATA SIZE       =   ----    ----
   BIT SIZE         =   ----    ----
END OF MODULE INFORMATION.


C51 COMPILATION COMPLETE.  0 WARNING(S),  0 ERROR(S)
