C51 COMPILER V9.59.0.0   UART                                                              07/13/2026 21:15:28 PAGE 1   


C51 COMPILER V9.59.0.0, COMPILATION OF MODULE UART
OBJECT MODULE PLACED IN .\Objects\uart.obj
COMPILER INVOKED BY: D:\Keil_v5\C51\BIN\C51.EXE uart.c OPTIMIZE(8,SPEED) BROWSE DEBUG OBJECTEXTEND PRINT(.\Listings\uart
                    -.lst) TABS(2) OBJECT(.\Objects\uart.obj)

line level    source

   1          #include "uart.h"
   2          
   3          // 串口初始化 (UART1, 9600bps@11.0592MHz, 定时器2作波特率发生器)
   4          void UART_Init(void) // 9600bps@11.0592MHz
   5          {
   6   1        SCON = 0x50;  // 8位数据,可变波特率, 模式1
   7   1        AUXR |= 0x04; // 定时器时钟1T模式
   8   1        AUXR |= 0x01; // 定时器2作为UART1的波特率发生器
   9   1        T2L = 0xE0;   // 设置定时初始值
  10   1        T2H = 0xFE;   // 设置定时初始值
  11   1        AUXR |= 0x10; // 定时器2开始计时
  12   1      }
  13          
  14          // 发送一个字节
  15          void UART_SendByte(uint8_t byte) {
  16   1        SBUF = byte;
  17   1        while (!TI)
  18   1          ;
  19   1        TI = 0;
  20   1      }
  21          
  22          // 发送字符串
  23          void UART_SendString(uint8_t *str) {
  24   1        while (*str) {
  25   2          UART_SendByte(*str++);
  26   2        }
  27   1      }
  28          
  29          // 发送十六进制数
  30          void UART_SendHex(uint8_t byte) {
  31   1        uint8_t high, low;
  32   1        high = byte >> 4;
  33   1        low = byte & 0x0F;
  34   1      
  35   1        // 发送高位
  36   1        if (high < 10)
  37   1          UART_SendByte('0' + high);
  38   1        else
  39   1          UART_SendByte('A' + (high - 10));
  40   1      
  41   1        // 发送低位
  42   1        if (low < 10)
  43   1          UART_SendByte('0' + low);
  44   1        else
  45   1          UART_SendByte('A' + (low - 10));
  46   1      }


MODULE INFORMATION:   STATIC OVERLAYABLE
   CODE SIZE        =    116    ----
   CONSTANT SIZE    =   ----    ----
   XDATA SIZE       =   ----    ----
   PDATA SIZE       =   ----    ----
   DATA SIZE        =   ----       3
C51 COMPILER V9.59.0.0   UART                                                              07/13/2026 21:15:28 PAGE 2   

   IDATA SIZE       =   ----    ----
   BIT SIZE         =   ----    ----
END OF MODULE INFORMATION.


C51 COMPILATION COMPLETE.  0 WARNING(S),  0 ERROR(S)
