Rebuild target 'Target 1'
compiling main.c...
compiling Ser.c...
compiling Timer.c...
compiling Util.c...
Util.c(45): warning C275: expression with possibly no effect
Util.c(55): warning C275: expression with possibly no effect
Util.c(63): warning C275: expression with possibly no effect
Util.c(72): warning C275: expression with possibly no effect
Util.c(82): warning C275: expression with possibly no effect
Util.c(90): warning C275: expression with possibly no effect
Util.c(248): warning C280: 'ch': unreferenced local variable
compiling Max7219.c...
compiling TM1637.c...
linking...
*** WARNING L16: UNCALLED SEGMENT, IGNORED FOR OVERLAY PROCESS
    SEGMENT: ?PR?_DELAY_S?TIMER

*** WARNING L16: UNCALLED SEGMENT, IGNORED FOR OVERLAY PROCESS
    SEGMENT: ?PR?RELAYBUZZER?UTIL

*** WARNING L16: UNCALLED SEGMENT, IGNORED FOR OVERLAY PROCESS
    SEGMENT: ?PR?_CHARTOINT?UTIL

*** WARNING L16: UNCALLED SEGMENT, IGNORED FOR OVERLAY PROCESS
    SEGMENT: ?PR?MAX7219_CLEAR?MAX7219

*** WARNING L16: UNCALLED SEGMENT, IGNORED FOR OVERLAY PROCESS
    SEGMENT: ?PR?_MAX7219_NUMDISPLAY?MAX7219

*** WARNING L16: UNCALLED SEGMENT, IGNORED FOR OVERLAY PROCESS
    SEGMENT: ?PR?_TM1637_DISPLAY4NUM?TM1637

Program Size: data=105.3 xdata=105 code=6550
creating hex file from ".\Objects\51_esp8266RelayOclock"...
".\Objects\51_esp8266RelayOclock" - 0 Error(s), 13 Warning(s).
Build Time Elapsed:  00:00:01
