C51 COMPILER V9.59.0.0   ADC                                                               02/08/2026 15:11:07 PAGE 1   


C51 COMPILER V9.59.0.0, COMPILATION OF MODULE ADC
OBJECT MODULE PLACED IN .\Objects\ADC.obj
COMPILER INVOKED BY: D:\Keil_v5\C51\BIN\C51.EXE System\ADC.c OPTIMIZE(8,SPEED) BROWSE INCDIR(.\System) DEBUG OBJECTEXTEN
                    -D PRINT(.\Listings\ADC.lst) TABS(2) OBJECT(.\Objects\ADC.obj)

line level    source

   1          #include "stc15w.h"
   2          #include "ADC.h"
   3          #include "Delay.h"
   4          
   5            static uint16_t rand_seed = 0x1234;
   6          
   7          void initADC()
   8          {
   9   1      
  10   1          ADC_CONTR &= ~ADCFLAG;
  11   1          P1ASF = 0x01; 
  12   1          ADC_RES = 0;            
  13   1          ADC_RESL = 0;            ; 
  14   1          ADC_CONTR = ADC_POWER | ADC_SPEEDLL | ADC_START;
  15   1          Delay1ms();
  16   1      }
  17          
  18          uint16_t getADC(void)
  19          {
  20   1          unsigned int adc_value = 0;
  21   1          ADC_CONTR |= ADC_START;  
  22   1          while(!(ADC_CONTR & ADCFLAG));  
  23   1          ADC_CONTR &= ~ADCFLAG;  
  24   1          adc_value = (ADC_RES << 2) | ADC_RESL;  
  25   1          
  26   1          return adc_value;
  27   1      }
  28          
  29          uint8_t getRandomNum(){
  30   1      
  31   1            rand_seed = (rand_seed << 1) ^ ((rand_seed & 0x8000) ? 0x1021 : 0);
  32   1      
  33   1        return getADC()+rand_seed%8;
  34   1      }


MODULE INFORMATION:   STATIC OVERLAYABLE
   CODE SIZE        =     89    ----
   CONSTANT SIZE    =   ----    ----
   XDATA SIZE       =   ----    ----
   PDATA SIZE       =   ----    ----
   DATA SIZE        =      2    ----
   IDATA SIZE       =   ----    ----
   BIT SIZE         =   ----    ----
END OF MODULE INFORMATION.


C51 COMPILATION COMPLETE.  0 WARNING(S),  0 ERROR(S)
