C51 COMPILER V9.59.0.0   DELAY                                                             02/08/2026 14:14:51 PAGE 1   


C51 COMPILER V9.59.0.0, COMPILATION OF MODULE DELAY
OBJECT MODULE PLACED IN .\Objects\Delay.obj
COMPILER INVOKED BY: D:\Keil_v5\C51\BIN\C51.EXE System\Delay.c OPTIMIZE(8,SPEED) BROWSE INCDIR(.\System) DEBUG OBJECTEXT
                    -END PRINT(.\Listings\Delay.lst) TABS(2) OBJECT(.\Objects\Delay.obj)

line level    source

   1          #include "stc15w.h"
   2          
   3          void Delay1000ms(void) //@11.0592MHz
   4          {
   5   1          unsigned char data i, j, k;
   6   1      
   7   1          _nop_();
   8   1          _nop_();
   9   1          i = 43;
  10   1          j = 6;
  11   1          k = 203;
  12   1          do
  13   1          {
  14   2              do
  15   2              {
  16   3                  while (--k)
  17   3                      ;
  18   3              } while (--j);
  19   2          } while (--i);
  20   1      }
  21          
  22          void Delay1ms(void) //@11.0592MHz
  23          {
  24   1          unsigned char data i, j;
  25   1      
  26   1          _nop_();
  27   1          _nop_();
  28   1          _nop_();
  29   1          i = 11;
  30   1          j = 190;
  31   1          do
  32   1          {
  33   2              while (--j)
  34   2                  ;
  35   2          } while (--i);
  36   1      }
  37          
  38          void Delay1us(void) //@11.0592MHz
  39          {
  40   1          _nop_();
  41   1          _nop_();
  42   1          _nop_();
  43   1      }


MODULE INFORMATION:   STATIC OVERLAYABLE
   CODE SIZE        =     31    ----
   CONSTANT SIZE    =   ----    ----
   XDATA SIZE       =   ----    ----
   PDATA SIZE       =   ----    ----
   DATA SIZE        =   ----    ----
   IDATA SIZE       =   ----    ----
   BIT SIZE         =   ----    ----
END OF MODULE INFORMATION.

C51 COMPILER V9.59.0.0   DELAY                                                             02/08/2026 14:14:51 PAGE 2   


C51 COMPILATION COMPLETE.  0 WARNING(S),  0 ERROR(S)
