C51 COMPILER V9.59.0.0   MAIN                                                              02/08/2026 15:51:44 PAGE 1   


C51 COMPILER V9.59.0.0, COMPILATION OF MODULE MAIN
OBJECT MODULE PLACED IN .\Objects\main.obj
COMPILER INVOKED BY: D:\Keil_v5\C51\BIN\C51.EXE main.c OPTIMIZE(8,SPEED) BROWSE INCDIR(.\System) DEBUG OBJECTEXTEND PRIN
                    -T(.\Listings\main.lst) TABS(2) OBJECT(.\Objects\main.obj)

line level    source

   1          #include "stc15w.h"
   2          #include "Delay.h"
   3          #include "ADC.h"
   4          
   5          sbit LED_ent = P1^2;
   6          sbit LED_A0 = P1^3;
   7          sbit LED_A1 = P1^4;
   8          sbit LED_A2 = P1^5;
   9          
  10          sbit KEY_CLEAR = P3^3;
  11          sbit KEY_DS = P3^2;
  12          
  13          uint8_t ds[2];
  14          uint8_t dsnum;
  15          
  16          
  17          void set74HC138(unsigned char num)
  18          {
  19   1          LED_A0 = num & 0x01;    
  20   1          LED_A1 = (num >> 1) & 0x01; 
  21   1          LED_A2 = (num >> 2) & 0x01;  
  22   1      }
  23          
  24          
  25          void INT0_ISR(void) interrupt 0
  26          {
  27   1      
  28   1          Delay1us();
  29   1          if(KEY_DS == 0){
  30   2          if(dsnum>=2)dsnum=0;
  31   2             ds[dsnum]=getRandomNum();
  32   2            LED_ent =1;
  33   2            dsnum++;
  34   2          }
  35   1      }
  36          
  37          void INT1_ISR(void) interrupt 2
  38          {
  39   1          
  40   1          Delay1us();
  41   1          if(KEY_CLEAR == 0){
  42   2        
  43   2             ds[0]=9;
  44   2              ds[1]=9;
  45   2            dsnum=0;
  46   2             LED_ent =0;
  47   2       
  48   2          }
  49   1      }
  50          
  51          
  52          void Exti_Init(void)
  53          {
  54   1      
C51 COMPILER V9.59.0.0   MAIN                                                              02/08/2026 15:51:44 PAGE 2   

  55   1          IT0 = 1;    
  56   1          EX0 = 1;    
  57   1      
  58   1          IT1 = 1;   
  59   1          EX1 = 1;   
  60   1          EA = 1;     
  61   1      }
  62          
  63          
  64          
  65          void main(void)
  66          {
  67   1          unsigned char i = 0;  
  68   1        initADC();  
  69   1        Exti_Init();
  70   1        LED_ent=0;
  71   1            ds[0] = 9;
  72   1          ds[1] = 9;
  73   1          dsnum = 0;
  74   1          while(1)  
  75   1          {
  76   2          for(i=0;i<2;i++){
  77   3            set74HC138(ds[i]);
  78   3            Delay1ms();
  79   3          }
  80   2            
  81   2          }
  82   1      }


MODULE INFORMATION:   STATIC OVERLAYABLE
   CODE SIZE        =    244    ----
   CONSTANT SIZE    =   ----    ----
   XDATA SIZE       =   ----    ----
   PDATA SIZE       =   ----    ----
   DATA SIZE        =      3       1
   IDATA SIZE       =   ----    ----
   BIT SIZE         =   ----    ----
END OF MODULE INFORMATION.


C51 COMPILATION COMPLETE.  0 WARNING(S),  0 ERROR(S)
