C51 COMPILER V9.59.0.0   MAIN                                                              01/12/2026 15:31:42 PAGE 1   


C51 COMPILER V9.59.0.0, COMPILATION OF MODULE MAIN
OBJECT MODULE PLACED IN .\Objects\main.obj
COMPILER INVOKED BY: D:\Keil_v5\C51\BIN\C51.EXE main.c OPTIMIZE(8,SPEED) BROWSE INCDIR(.\System;..\STC15w408as_4V~6vBatt
                    -erChangerSimple) DEBUG OBJECTEXTEND PRINT(.\Listings\main.lst) TABS(2) OBJECT(.\Objects\main.obj)

line level    source

   1          #include "stc15w.h"
   2          #include "ADC.h"
   3          #include "Delay.h"
   4          #include "ChargerCTL.h"
   5          
   6          /*
   7          继电器控制默认低电平 P1.2
   8          继电器切换P3.2中断控制
   9          
  10          */
  11          
  12          sbit Relay = P1 ^ 2;
  13          bit Relay_Status = 0;
  14          int main()
  15          {
  16   1        Relay = Relay_Status;
  17   1        initADC();
  18   1      
  19   1        startCharge6VBAT();
  20   1        startCharge4VBAT();
  21   1        while (1)
  22   1        {
  23   2          Delay1000ms();
  24   2          // Relay=!Relay;
  25   2          //  if(Relay){
  26   2          //  startCharge6VBAT();
  27   2          //    startCharge4VBAT();
  28   2          //  }else{
  29   2          //  stopCharge6VBAT();
  30   2          //    stopCharge4VBAT();
  31   2          //}
  32   2        }
  33   1      }


MODULE INFORMATION:   STATIC OVERLAYABLE
   CODE SIZE        =     18    ----
   CONSTANT SIZE    =   ----    ----
   XDATA SIZE       =   ----    ----
   PDATA SIZE       =   ----    ----
   DATA SIZE        =   ----    ----
   IDATA SIZE       =   ----    ----
   BIT SIZE         =      1    ----
END OF MODULE INFORMATION.


C51 COMPILATION COMPLETE.  0 WARNING(S),  0 ERROR(S)
