C51 COMPILER V9.59.0.0   DISPLAY                                                           06/30/2026 19:18:46 PAGE 1   


C51 COMPILER V9.59.0.0, COMPILATION OF MODULE DISPLAY
OBJECT MODULE PLACED IN .\Objects\Display.obj
COMPILER INVOKED BY: D:\Keil_v5\C51\BIN\C51.EXE Display\Display.c LARGE OPTIMIZE(8,SIZE) BROWSE INCDIR(.\Display;.\FakeL
                    -oad;.\Key;.\System;.\Utility) DEBUG OBJECTEXTEND PRINT(.\Listings\Display.lst) TABS(2) OBJECT(.\Objects\Display.obj)

line level    source

   1          #include "Display.h"
   2          #include "LCD1602.h"
   3          // Keil C51 does not support stdint.h, using native types
   4          
   5          char idata buffer[16];
   6          
   7          void Display_Init(void) {
   8   1        // Initialization code for the display
   9   1        // 1602模拟显示效果:
  10   1        // [                ]
  11   1        // [                ]
  12   1        LCD_Init();
  13   1      }
  14          
  15          void Display_BootMessage(void) {
  16   1        // 1602模拟显示效果:
  17   1        // [FakeLoad Boot   ]
  18   1        // [Initializing... ]
  19   1        LCD_ShowString(1, 1, "FakeLoad Boot");
  20   1        LCD_ShowString(2, 1, "Initializing...");
  21   1      }
  22          
  23          // 显示假负载功率列表
  24          // 20w 40w 60w
  25          // void Display_FakeLoadList(unsigned char *loadList) {
  26          //   uint8_t i, longbit = 0, offset = 0;
  27          //   uint16_t idata temp;
  28          
  29          //   for (i = 0; i < 3; i++) {
  30          //     temp = loadList[i] * 100;
  31          //     while (temp) {
  32          //       temp /= 10;
  33          //       longbit++;
  34          //     }
  35          //     // 5.24 还原为 524 /10 -> 52 /10 ->5 /10 ->0
  36          //     // 25.45 还原为 2545
  37          
  38          //     LCD_ShowString(1, offset, loadList[i] + '0');
  39          //     LCD_ShowChar(1, offset + longbit + 1, 'W');
  40          //     // 上次位置 加符号加空格
  41          //     offset += longbit + 2;
  42          //   }
  43          // }
  44          
  45          void Display_FakeLoad(float power) {
  46   1        // 1602模拟显示效果 (示例 power=15.50):
  47   1        // [Power: 15.50W   ]
  48   1        // [                ]
  49   1        buffer[0] = '\0';
  50   1        sprintf(buffer, "Power: %.2fW", power);
  51   1        LCD_ShowString(1, 1, buffer);
  52   1      }
  53          
  54          // Timer: 分钟:秒
C51 COMPILER V9.59.0.0   DISPLAY                                                           06/30/2026 19:18:46 PAGE 2   

  55          void Display_TimerSetupMessage(uint16_t set_seconds) {
  56   1        // 1602模拟显示效果 (示例 set_seconds=125 -> 2分05秒):
  57   1        // [                ]
  58   1        // [Timer:02:05     ]
  59   1        uint8_t xdata minutes = set_seconds / 60;
  60   1        uint8_t xdata seconds = set_seconds % 60;
  61   1        buffer[0] = '\0';
  62   1      
  63   1        // Convert seconds to string
  64   1        sprintf(buffer, "Timer:%02u:%02u", minutes, seconds);
  65   1        LCD_ShowString(2, 1, buffer);
  66   1      }
  67          
  68          void Display_RunningMessage(uint16_t elapsed_seconds, float loadEff,
  69                                      float voltage) {
  70   1        // 1602模拟显示效果 (示例 elapsed=45, eff=85.5, voltage=12.34):
  71   1        // [Eff:85.5 V:12.34]
  72   1        // [00:45           ]
  73   1      
  74   1        uint8_t xdata minutes = elapsed_seconds / 60;
  75   1        uint8_t xdata seconds = elapsed_seconds % 60;
  76   1        char xdata eff_buffer[16];
  77   1        char xdata volt_buffer[16];
  78   1      
  79   1        buffer[0] = '\0';
  80   1      
  81   1        // Convert seconds to string
  82   1        sprintf(buffer, "%02u:%02u", minutes, seconds);
  83   1      
  84   1        // 显示负载效率
  85   1      
  86   1        sprintf(eff_buffer, "Eff:%.1f", loadEff);
  87   1        LCD_ShowString(1, 1, eff_buffer);
  88   1      
  89   1        // 显示电压
  90   1        sprintf(volt_buffer, "V:%.2f", voltage);
  91   1        LCD_ShowString(1, 8, volt_buffer);
  92   1      
  93   1        LCD_ShowString(2, 1, buffer);
  94   1      }
  95          
  96          void Display_IdleMessage(void) {
  97   1        // 1602模拟显示效果:
  98   1        // [System Idle     ]
  99   1        // [Set Timer       ]
 100   1        LCD_ShowString(1, 1, "System Idle");
 101   1        LCD_ShowString(2, 1, "Set Timer");
 102   1      }
 103          
 104          void Display_ErrorMessage(char *message) {
 105   1        // 1602模拟显示效果 (示例 message="Overload"):
 106   1        // [Error:          ]
 107   1        // [Overload        ]
 108   1        LCD_ShowString(1, 1, "Error:");
 109   1        LCD_ShowString(2, 1, message);
 110   1      }
 111          
 112          void Display_Clear(void) {
 113   1        // 1602模拟显示效果:
 114   1        // [                ]
 115   1        // [                ]
 116   1        LCD_ShowString(1, 1, "                "); // Clear line 1
C51 COMPILER V9.59.0.0   DISPLAY                                                           06/30/2026 19:18:46 PAGE 3   

 117   1        LCD_ShowString(2, 1, "                "); // Clear line 2
 118   1      }
 119          
 120          void Display_LoadingMessage(void) {
 121   1        // 1602模拟显示效果:
 122   1        // [Loading...      ]
 123   1        // [                ]
 124   1        LCD_ShowString(1, 1, "Loading...");
 125   1      }
 126          
 127          void Display_CalcLoadEfficiency(float efficiency) {
 128   1        // 1602模拟显示效果 (示例 efficiency=95.67):
 129   1        // [                ]
 130   1        // [Eff: 95.67%     ]
 131   1        buffer[0] = '\0';
 132   1        // Convert efficiency to string with 2 decimal places
 133   1        sprintf(buffer, "Eff: %.2f%%", efficiency);
 134   1        LCD_ShowString(2, 1, buffer);
 135   1      }


MODULE INFORMATION:   STATIC OVERLAYABLE
   CODE SIZE        =    462    ----
   CONSTANT SIZE    =    154    ----
   XDATA SIZE       =   ----      47
   PDATA SIZE       =   ----    ----
   DATA SIZE        =   ----    ----
   IDATA SIZE       =     16    ----
   BIT SIZE         =   ----    ----
END OF MODULE INFORMATION.


C51 COMPILATION COMPLETE.  0 WARNING(S),  0 ERROR(S)
