C51 COMPILER V9.59.0.0   FAKELOAD_IIC                                                      12/28/2025 11:14:16 PAGE 1   


C51 COMPILER V9.59.0.0, COMPILATION OF MODULE FAKELOAD_IIC
OBJECT MODULE PLACED IN .\Objects\fakeload_iic.obj
COMPILER INVOKED BY: D:\Keil_v5\C51\BIN\C51.EXE FakeLoad\fakeload_iic.c OPTIMIZE(8,SPEED) BROWSE INCDIR(.\Display;.\Fake
                    -Load;.\Key;.\System;.\Utility) DEBUG OBJECTEXTEND PRINT(.\Listings\fakeload_iic.lst) TABS(2) OBJECT(.\Objects\fakeload_i
                    -ic.obj)

line level    source

   1          #include "stc89c52.h"
   2          #include "Delay.h"
   3          
   4          #define PCF8574_ADDRESS 0x40
   5          
   6          sbit SCL = P1 ^ 3;
   7          sbit SDA = P1 ^ 4;
   8          
   9          void PCF8574_Init(void)
  10          {
  11   1          SCL = 1;
  12   1          SDA = 1;
  13   1      }
  14          
  15          void PCF8574_IIC_Start(void)
  16          {
  17   1          SDA = 1;
  18   1          SCL = 1;
  19   1          Delay10us();
  20   1          SDA = 0;
  21   1          Delay10us();
  22   1          SCL = 0;
  23   1      }
  24          
  25          void PCF8574_IIC_Stop(void)
  26          {
  27   1          SCL = 1;
  28   1          SDA = 0;
  29   1          Delay10us();
  30   1          SDA = 1;
  31   1          Delay10us();
  32   1          SCL = 0;
  33   1      }
  34          
  35          void PCF8574_IIC_SendByte(unsigned char dat)
  36          {
  37   1          unsigned char i;
  38   1          bit ack;
  39   1      
  40   1          for (i = 0; i < 8; i++)
  41   1          {
  42   2              SDA = (dat & 0x80) ? 1 : 0;
  43   2              Delay10us();
  44   2              SCL = 1;
  45   2              Delay10us();
  46   2              SCL = 0;
  47   2              dat <<= 1;
  48   2          }
  49   1      
  50   1          SDA = 1; // Release SDA for ACK
  51   1          // SCL=1;
  52   1          // Delay10us();
  53   1          // ack = SDA; // Read ACK
C51 COMPILER V9.59.0.0   FAKELOAD_IIC                                                      12/28/2025 11:14:16 PAGE 2   

  54   1          // SCL=0;
  55   1          // Delay10us();
  56   1      
  57   1          // return ack;
  58   1      }
*** WARNING C280 IN LINE 38 OF FakeLoad\fakeload_iic.c: 'ack': unreferenced local variable
  59          
  60          unsigned char PCF8574_IIC_ReceiveByte(void)
  61          {
  62   1          unsigned char i, dat = 0;
  63   1      
  64   1          SDA = 1; // Release SDA for input
  65   1          for (i = 0; i < 8; i++)
  66   1          {
  67   2      
  68   2              SCL = 1;
  69   2              Delay10us();
  70   2              dat <<= 1;
  71   2              if (SDA)
  72   2                  dat |= 0x01;
  73   2              SCL = 0;
  74   2              Delay10us();
  75   2          }
  76   1      
  77   1          return dat;
  78   1      }
  79          
  80          bit PCF8574_IIC_WaitAck(void)
  81          {
  82   1          unsigned char timeout = 0;
  83   1      
  84   1          SDA = 1; // Release SDA for ACK
  85   1          SCL = 1;
  86   1          Delay10us();
  87   1          while (SDA == 1) // 等待从机拉低SDA
  88   1          {
  89   2              timeout++;
  90   2              if (timeout > 250) // 超时判定
  91   2              {
  92   3                  PCF8574_IIC_Stop();
  93   3                  return 1;
  94   3              }
  95   2          }
  96   1          SCL = 0;
  97   1          return 0;
  98   1      }
  99          
 100          void PCF8574_IIC_Ack(void)
 101          {
 102   1          SDA = 0;
 103   1          Delay10us();
 104   1          SCL = 1;
 105   1          Delay10us();
 106   1          SCL = 0;
 107   1          SDA = 1; // Release SDA
 108   1      }
 109          
 110          void PCF8574_IIC_NAck(void)
 111          {
 112   1          SDA = 1;
 113   1          Delay10us();
 114   1          SCL = 1;
C51 COMPILER V9.59.0.0   FAKELOAD_IIC                                                      12/28/2025 11:14:16 PAGE 3   

 115   1          Delay10us();
 116   1          SCL = 0;
 117   1      }
 118          
 119          /**/
 120          
 121          bit PCF8574_Write(unsigned char dat)
 122          {
 123   1          PCF8574_IIC_Start();
 124   1          if (PCF8574_IIC_SendByte(PCF8574_ADDRESS << 1))
*** ERROR C218 IN LINE 124 OF FakeLoad\fakeload_iic.c: void-type in controlling expression
 125   1          {
 126   2              PCF8574_IIC_Stop();
 127   2              return 1;
 128   2          }
 129   1      
 130   1          if (PCF8574_IIC_WaitAck())
 131   1          {
 132   2              PCF8574_IIC_Stop();
 133   2              return 1;
 134   2          }
 135   1      
 136   1          PCF8574_IIC_SendByte(dat);
 137   1          if (PCF8574_IIC_WaitAck())
 138   1          {
 139   2              PCF8574_IIC_Stop();
 140   2              return 1;
 141   2          }
 142   1          PCF8574_IIC_Stop();
 143   1          return 0;
 144   1      }
 145          
 146          unsigned char PCF8574_Read(void)
 147          {
 148   1          unsigned char dat;
 149   1          PCF8574_IIC_Start();
 150   1          PCF8574_IIC_SendByte((PCF8574_ADDRESS << 1) | 0x01);
 151   1      
 152   1          if (PCF8574_IIC_WaitAck())
 153   1          {
 154   2              PCF8574_IIC_Stop();
 155   2              return 0xFF;
 156   2          }
 157   1      
 158   1          dat = PCF8574_IIC_ReceiveByte();
 159   1          PCF8574_IIC_NAck();
 160   1          PCF8574_IIC_Stop();
 161   1          return dat;
 162   1      }

C51 COMPILATION COMPLETE.  1 WARNING(S),  1 ERROR(S)
