C51 COMPILER V9.59.0.0   PCF8574                                                           07/12/2026 23:14:54 PAGE 1   


C51 COMPILER V9.59.0.0, COMPILATION OF MODULE PCF8574
OBJECT MODULE PLACED IN .\Objects\pcf8574.obj
COMPILER INVOKED BY: D:\Keil_v5\C51\BIN\C51.EXE FakeLoad\pcf8574.c LARGE OPTIMIZE(9,SIZE) BROWSE INCDIR(.\Display;.\Fake
                    -Load;.\Key;.\System;.\Utility) DEBUG OBJECTEXTEND PRINT(.\Listings\pcf8574.lst) TABS(2) OBJECT(.\Objects\pcf8574.obj)

line level    source

   1          #include "pcf8574.h"
   2          
   3          // 保存当前端口状态
   4          uint8_t xdata pcf8574_port_data = 0xFF;
   5          static uint8_t idata i;
   6          // 延时函数（使用局部变量，避免与I2C_SendByte的循环计数器冲突）
   7          void I2C_Delay(void) {
   8   1        unsigned char idata dly = 100;
   9   1        while (dly--)
  10   1          ;
  11   1      }
  12          
  13          // 初始化I2C总线
  14          void I2C_Init(void) {
  15   1        SDA = 1;
  16   1        SCL = 1;
  17   1      }
  18          
  19          // 发送起始信号
  20          void I2C_Start(void) {
  21   1        SDA = 1;
  22   1        SCL = 1;
  23   1        I2C_Delay();
  24   1        SDA = 0;
  25   1        I2C_Delay();
  26   1        SCL = 0;
  27   1      }
  28          
  29          // 发送停止信号
  30          void I2C_Stop(void) {
  31   1        SDA = 0;
  32   1        SCL = 1;
  33   1        I2C_Delay();
  34   1        SDA = 1;
  35   1        I2C_Delay();
  36   1      }
  37          
  38          // 发送一个字节
  39          void I2C_SendByte(unsigned char byte) {
  40   1        for (i = 0; i < 8; i++) {
  41   2          SDA = byte & 0x80;
  42   2          byte <<= 1;
  43   2          SCL = 1;
  44   2          I2C_Delay();
  45   2          SCL = 0;
  46   2          I2C_Delay();
  47   2        }
  48   1      }
  49          
  50          // 接收一个字节
  51          unsigned char I2C_ReceiveByte(void) {
  52   1        unsigned char xdata byte = 0;
  53   1        SDA = 1;
  54   1        for (i = 0; i < 8; i++) {
C51 COMPILER V9.59.0.0   PCF8574                                                           07/12/2026 23:14:54 PAGE 2   

  55   2          byte <<= 1;
  56   2          SCL = 1;
  57   2          I2C_Delay();
  58   2          byte |= SDA;
  59   2          SCL = 0;
  60   2          I2C_Delay();
  61   2        }
  62   1        return byte;
  63   1      }
  64          
  65          // 等待应答
  66          bit I2C_WaitAck(void) {
  67   1        bit ack;
  68   1        SDA = 1;
  69   1        I2C_Delay();
  70   1        SCL = 1;
  71   1        I2C_Delay();
  72   1        ack = SDA;
  73   1        SCL = 0;
  74   1        I2C_Delay();
  75   1        return ack;
  76   1      }
  77          
  78          // 发送应答
  79          void I2C_SendAck(bit ack) {
  80   1        SDA = ack;
  81   1        I2C_Delay();
  82   1        SCL = 1;
  83   1        I2C_Delay();
  84   1        SCL = 0;
  85   1        I2C_Delay();
  86   1      }
  87          
  88          /**
  89           * @brief  初始化PCF8574扩展IO芯片
  90           * @details 初始化I2C总线，并将PCF8574所有端口设置为高电平输出
  91           * @note   PCF8574上电后默认高阻态，需初始化后才能正常使用
  92           * @param  无
  93           * @return 无
  94           */
  95          void PCF8574_Init(void) {
  96   1        I2C_Init();
  97   1        // 默认所有端口输出高电平
  98   1        PCF8574_Write(0xFF);
  99   1      }
 100          
 101          /**
 102           * @brief  读取PCF8574所有8位端口的状态
 103           * @details 通过I2C总线读取PCF8574的输入端口状态
 104           * @note   PCF8574为准双向端口，可同时作为输入和输出
 105           * @param  无
 106           * @return 返回8位端口状态，bit0~bit7对应P0~P7
 107           *         返回值中每一位为1表示高电平，为0表示低电平
 108           * @retval 读取成功返回当前端口状态
 109           * @retval 读取失败返回上次保存的端口状态
 110           */
 111          unsigned char PCF8574_Read(void) {
 112   1        unsigned char dat;
 113   1      
 114   1        I2C_Start();
 115   1        I2C_SendByte(PCF8574_R_ADDR);
 116   1        if (I2C_WaitAck())
C51 COMPILER V9.59.0.0   PCF8574                                                           07/12/2026 23:14:54 PAGE 3   

 117   1          return pcf8574_port_data; // 读取失败，返回上次保存的值
 118   1      
 119   1        dat = I2C_ReceiveByte();
 120   1        I2C_SendAck(1); // 发送NACK
 121   1        I2C_Stop();
 122   1      
 123   1        pcf8574_port_data = dat;
 124   1        return dat;
 125   1      }
 126          
 127          /**
 128           * @brief  写入数据到PCF8574所有8位端口
 129           * @details 通过I2C总线向PCF8574写入8位数据，控制所有端口输出状态
 130           * @note   PCF8574的输出为开漏输出，需要外接上拉电阻
 131           * @param  dat: 要写入的8位数据，bit0~bit7对应P0~P7
 132           *         每一位为1表示输出高电平(高阻态)，为0表示输出低电平
 133           * @return 无
 134           */
 135          void PCF8574_Write(unsigned char dat) {
 136   1        I2C_Start();
 137   1        I2C_SendByte(PCF8574_W_ADDR);
 138   1        if (I2C_WaitAck()) {
 139   2          // ACK失败，可能地址错误或设备未响应
 140   2          I2C_Stop();
 141   2          return;
 142   2        }
 143   1      
 144   1        I2C_SendByte(dat);
 145   1        if (I2C_WaitAck()) {
 146   2          I2C_Stop();
 147   2          return;
 148   2        }
 149   1      
 150   1        I2C_Stop();
 151   1        pcf8574_port_data = dat;
 152   1      }
 153          
 154          /**
 155           * @brief  设置指定端口的输出状态
 156           * @details 单独控制PCF8574的某一个端口电平状态
 157           * @note   内部会保存当前端口状态，只修改指定端口
 158           * @param  port: 端口号，范围0~7，对应P0~P7
 159           * @param  state: 端口状态，0表示低电平，1表示高电平
 160           * @return 无
 161           * @warning port参数超出0~7范围时函数不执行任何操作
 162           */
 163          void PCF8574_SetPort(unsigned char port, bit state) {
 164   1        unsigned char temp_data = pcf8574_port_data;
 165   1        if (port > 7)
 166   1          return;
 167   1      
 168   1        // 先保存当前值
 169   1      
 170   1        if (state)
 171   1          temp_data |= (1 << port);
 172   1        else
 173   1          temp_data &= ~(1 << port);
 174   1      
 175   1        // 只有当值改变时才发送
 176   1        if (temp_data != pcf8574_port_data) {
 177   2          PCF8574_Write(temp_data);
 178   2        }
C51 COMPILER V9.59.0.0   PCF8574                                                           07/12/2026 23:14:54 PAGE 4   

 179   1      }
 180          
 181          /**
 182           * @brief  读取指定端口的状态
 183           * @details 从PCF8574读取指定端口的当前电平状态
 184           * @note   会先调用PCF8574_Read()获取最新端口状态
 185           * @param  port: 端口号，范围0~7，对应P0~P7
 186           * @return 返回指定端口的状态，0表示低电平，1表示高电平
 187           * @retval 0: 端口为低电平或参数错误
 188           * @retval 1: 端口为高电平
 189           * @warning port参数超出0~7范围时返回0
 190           */
 191          bit PCF8574_GetPort(unsigned char port) {
 192   1        if (port > 7)
 193   1          return 0;
 194   1      
 195   1        return (PCF8574_Read() >> port) & 0x01;
 196   1      }


MODULE INFORMATION:   STATIC OVERLAYABLE
   CODE SIZE        =    333    ----
   CONSTANT SIZE    =   ----    ----
   XDATA SIZE       =      1    ----
   PDATA SIZE       =   ----    ----
   DATA SIZE        =   ----    ----
   IDATA SIZE       =      1       1
   BIT SIZE         =   ----       3
END OF MODULE INFORMATION.


C51 COMPILATION COMPLETE.  0 WARNING(S),  0 ERROR(S)
