C51 COMPILER V9.59.0.0   STATUS                                                            12/28/2025 11:14:15 PAGE 1   


C51 COMPILER V9.59.0.0, COMPILATION OF MODULE STATUS
OBJECT MODULE PLACED IN .\Objects\Status.obj
COMPILER INVOKED BY: D:\Keil_v5\C51\BIN\C51.EXE System\Status.c OPTIMIZE(8,SPEED) BROWSE INCDIR(.\Display;.\FakeLoad;.\K
                    -ey;.\System;.\Utility) DEBUG OBJECTEXTEND PRINT(.\Listings\Status.lst) TABS(2) OBJECT(.\Objects\Status.obj)

line level    source

   1          #include "Status.h"
   2          #include<stdint.h>
*** WARNING C318 IN LINE 2 OF System\Status.c: can't open file 'stdint.h'
   3          
   4          bit workingStatus = 0;  // 0 - idle, 1 - working
   5          uint8_t effic[5];
*** ERROR C129 IN LINE 5 OF System\Status.c: missing ';' before 'effic'
   6          uint8_t volt[5];
   7          float loadEff[36];
   8          float Req[36];
   9          uint16_t elapsedTime = 0;
  10          
  11          
  12          
  13          
  14          /*状态管理函数*/
  15          void setWorkingStatus(bit status) {
  16              workingStatus = status;
  17          }
  18          
  19          void setEfficencyData(uint8_t *data) {
  20              for (uint8_t i = 0; i < 4; i++) {
  21                  effic[i] = data[i];
  22              }
  23              effic[4] = '\0';
  24          }
  25          
  26          void setVoltageData(uint8_t *data) {
  27              for (uint8_t i = 0; i < 4; i++) {
  28                  volt[i] = data[i];
  29              }
  30              volt[4] = '\0';
  31          }
  32          
  33          void setLoadEfficiency(float *data, uint8_t count) {
  34              for (uint8_t i = 0; i < count; i++) {
  35                  loadEff[i] = data[i];
  36              }
  37          }
  38          
  39          void setEquivalentResistance(float *data, uint8_t count) {
  40              for (uint8_t i = 0; i < count; i++) {
  41                  Req[i] = data[i];
  42              }
  43          }
  44          
  45          void setElapsedTime(uint16_t time) {
  46              elapsedTime = time;
  47          }
  48          
  49          /*状态获取函数*/
  50          
  51          bit getWorkingStatus(void) {
  52              return workingStatus;
C51 COMPILER V9.59.0.0   STATUS                                                            12/28/2025 11:14:15 PAGE 2   

  53          }
  54          
  55          uint8_t* getEfficencyData(void) {
  56              return effic;
  57          }
  58          
  59          uint8_t* getVoltageData(void) {
  60              return volt;
  61          }
  62          
  63          float* getLoadEfficiency(void) {
  64              return loadEff;
  65          }
  66          
  67          float* getEquivalentResistance(void) {
  68              return Req;
  69          }
  70          
  71          uint16_t getElapsedTime(void) {
  72              return elapsedTime;
  73          }

C51 COMPILATION COMPLETE.  1 WARNING(S),  1 ERROR(S)
