C51 COMPILER V9.59.0.0   TIMER                                                             12/28/2025 11:14:15 PAGE 1   


C51 COMPILER V9.59.0.0, COMPILATION OF MODULE TIMER
OBJECT MODULE PLACED IN .\Objects\Timer.obj
COMPILER INVOKED BY: D:\Keil_v5\C51\BIN\C51.EXE System\Timer.c OPTIMIZE(8,SPEED) BROWSE INCDIR(.\Display;.\FakeLoad;.\Ke
                    -y;.\System;.\Utility) DEBUG OBJECTEXTEND PRINT(.\Listings\Timer.lst) TABS(2) OBJECT(.\Objects\Timer.obj)

line level    source

   1          #include "Timer.h"
   2          
   3          void Timer0_Init(void) {
   4   1          // Placeholder for Timer0 initialization code
   5   1      
   6   1          TMOD |= 0x01; // Set Timer0 to Mode 1 (16-bit timer)
*** ERROR C202 IN LINE 6 OF System\Timer.c: 'TMOD': undefined identifier
   7   1      
   8   1          TH0 = 0xFC;   // Load high byte for 1ms delay (assuming 12MHz clock)
*** ERROR C202 IN LINE 8 OF System\Timer.c: 'TH0': undefined identifier
   9   1          TL0 = 0x66;   // Load low byte for 1ms delay
*** ERROR C202 IN LINE 9 OF System\Timer.c: 'TL0': undefined identifier
  10   1          ET0 = 1;      // Enable Timer0 interrupt
*** ERROR C202 IN LINE 10 OF System\Timer.c: 'ET0': undefined identifier
  11   1          EA=1;       // Enable global interrupts
*** ERROR C202 IN LINE 11 OF System\Timer.c: 'EA': undefined identifier
  12   1          TR0 = 1;      // Start Timer0
*** ERROR C202 IN LINE 12 OF System\Timer.c: 'TR0': undefined identifier
  13   1      }   
  14          
  15          

C51 COMPILATION COMPLETE.  0 WARNING(S),  6 ERROR(S)
