C51 COMPILER V9.59.0.0   TLCX543                                                           06/30/2026 19:18:46 PAGE 1   


C51 COMPILER V9.59.0.0, COMPILATION OF MODULE TLCX543
OBJECT MODULE PLACED IN .\Objects\TLCx543.obj
COMPILER INVOKED BY: D:\Keil_v5\C51\BIN\C51.EXE System\TLCx543.c LARGE OPTIMIZE(8,SIZE) BROWSE INCDIR(.\Display;.\FakeLo
                    -ad;.\Key;.\System;.\Utility) DEBUG OBJECTEXTEND PRINT(.\Listings\TLCx543.lst) TABS(2) OBJECT(.\Objects\TLCx543.obj)

line level    source

   1          #include "TLCx543.h"
   2          #include <intrins.h>
   3          
   4          uint8_t xdata TLC_CHIP_TYPE = TLC1543; // 默认10位ADC
   5          static uint8_t xdata   i;
   6          uint16_t xdata adc;
   7          void SPI_Delay(void) {
   8   1        _nop_();
   9   1        _nop_();
  10   1          _nop_();
  11   1        _nop_();
  12   1      }
  13          
  14          // ====================== 初始化 ======================
  15          void TLCx543_Init(uint8_t CHIP) {
  16   1        TLC_CHIP_TYPE = CHIP;
  17   1      
  18   1        TLCx543_SCLK = 0;
  19   1        TLCx543_DIN = 0;
  20   1        TLCx543_CS = 1;   // 高电平禁用
  21   1        TLCx543_DOUT = 1; // 输入模式
  22   1        TLCx543_EOC = 1;  // 输入模式
  23   1      
  24   1        // 首次转换：发送通道0地址，启动第一次转换
  25   1        // 此时读取的数据是不确定的，将在下次读取时丢弃
  26   1        if (TLC_CHIP_TYPE == TLC1543) {
  27   2          TLCx543_CS = 0;
  28   2          for (i = 0; i < 4; i++)
  29   2            SPI_Delay();
  30   2          for (i = 0; i < 10; i++) {
  31   3            TLCx543_DIN = (i < 4) ? ((0 >> (3 - i)) & 0x01) : 0;
  32   3            TLCx543_SCLK = 1;
  33   3            SPI_Delay();
  34   3            TLCx543_SCLK = 0;
  35   3            SPI_Delay();
  36   3          }
  37   2          TLCx543_CS = 1;
  38   2          while (!TLCx543_EOC)
  39   2            ;
  40   2        } else {
  41   2          TLCx543_CS = 0;
  42   2          for (i = 0; i < 4; i++)
  43   2            SPI_Delay();
  44   2          for (i = 0; i < 12; i++) {
  45   3            TLCx543_DIN = (i < 4) ? ((0 >> (3 - i)) & 0x01) : 0;
  46   3            TLCx543_SCLK = 1;
  47   3            SPI_Delay();
  48   3            TLCx543_SCLK = 0;
  49   3            SPI_Delay();
  50   3          }
  51   2          TLCx543_CS = 1;
  52   2          while (!TLCx543_EOC)
  53   2            ;
  54   2        }
C51 COMPILER V9.59.0.0   TLCX543                                                           06/30/2026 19:18:46 PAGE 2   

  55   1      }
  56          
  57          static uint16_t TLC1543_Read(uint8_t channel) {
  58   1         adc = 0;
  59   1        
  60   1      
  61   1        // 拉低 CS，等待建立时间
  62   1        TLCx543_CS = 0;
  63   1        for (i = 0; i < 4; i++)
  64   1          SPI_Delay();
  65   1      
  66   1        // 10个时钟：发送新地址，同时读取上次转换结果
  67   1        for (i = 0; i < TLC_CHIP_TYPE; i++) {
  68   2          // 前4个时钟发送新通道地址(MSB优先)
  69   2          if (i < 4) {
  70   3            TLCx543_DIN = (channel >> (3 - i)) & 0x01;
  71   3          } else {
  72   3            TLCx543_DIN = 0;
  73   3          }
  74   2      
  75   2          // 上升沿锁存地址
  76   2          TLCx543_SCLK = 1;
  77   2          SPI_Delay();
  78   2      
  79   2          // 下降沿读取数据（这是上次转换的结果）
  80   2          TLCx543_SCLK = 0;
  81   2          SPI_Delay();
  82   2      
  83   2          // 读取数据位
  84   2          adc <<= 1;
  85   2          if (TLCx543_DOUT)
  86   2            adc |= 1;
  87   2        }
  88   1      
  89   1        // 拉高 CS
  90   1        TLCx543_CS = 1;
  91   1      
  92   1        // 等待本次转换完成（对应刚才发送的通道地址）
  93   1        while (!TLCx543_EOC)
  94   1          ;
  95   1      
  96   1        return adc;
  97   1      }
  98          
  99          // ====================== 通用读取 ======================
 100          uint16_t TLCx543_ReadADC(uint8_t channel) { return TLC1543_Read(channel); }
 101          
 102          // ====================== 电压计算 ======================
 103          float TLCx543_ReadVoltageV(uint8_t channel) {
 104   1         adc = TLCx543_ReadADC(channel);
 105   1        if (TLC_CHIP_TYPE == TLC1543) {
 106   2          return (float)adc * TLC_REF_VOLTAGE / 1023.0f;
 107   2        } else {
 108   2          return (float)adc * TLC_REF_VOLTAGE / 4095.0f;
 109   2        }
 110   1      }
 111          
 112          float TLCx543_ReadVoltageMV(uint8_t channel) {
 113   1         adc = TLCx543_ReadADC(channel);
 114   1        if (TLC_CHIP_TYPE == TLC1543) {
 115   2          return (float)adc * TLC_REF_VOLTAGE * 1000.0f / 1023.0f;
 116   2        } else {
C51 COMPILER V9.59.0.0   TLCX543                                                           06/30/2026 19:18:46 PAGE 3   

 117   2          return (float)adc * TLC_REF_VOLTAGE * 1000.0f / 4095.0f;
 118   2        }
 119   1      }
 120          
 121          float TLCx543_CalcHighVoltage(float m, float r) {
 122   1        if (r <= 0 || r >= 1)
 123   1          return 0;
 124   1        return m / r;
 125   1      }


MODULE INFORMATION:   STATIC OVERLAYABLE
   CODE SIZE        =    616    ----
   CONSTANT SIZE    =   ----    ----
   XDATA SIZE       =      4       8
   PDATA SIZE       =   ----    ----
   DATA SIZE        =   ----    ----
   IDATA SIZE       =   ----    ----
   BIT SIZE         =   ----    ----
END OF MODULE INFORMATION.


C51 COMPILATION COMPLETE.  0 WARNING(S),  0 ERROR(S)
