C51 COMPILER V9.59.0.0   BAT                                                               07/03/2026 13:41:52 PAGE 1   


C51 COMPILER V9.59.0.0, COMPILATION OF MODULE BAT
OBJECT MODULE PLACED IN .\Objects\BAT.obj
COMPILER INVOKED BY: D:\Keil_v5\C51\BIN\C51.EXE DRIVER\BAT.c LARGE OPTIMIZE(8,SPEED) BROWSE INCDIR(.\DRIVER;..\51_18650b
                    -smb;.\SYS) DEBUG OBJECTEXTEND PRINT(.\Listings\BAT.lst) TABS(2) OBJECT(.\Objects\BAT.obj)

line level    source

   1          #include "BAT.h"
   2          
   3          #define REF_VOLTAGE 5.0f       // 5V参考电压
   4          #define ADC_RESOLUTION 1024.0f // 10位ADC分辨率
   5          
   6          #define BAT_CH1 P10 // ADC0
   7          #define BAT_CH2 P11 // ADC1
   8          #define BAT_CH3 P12 // ADC2
   9          #define BAT_CH4 P13 // ADC3
  10          
  11          /**
  12           * @brief ADC初始化函数
  13           * @note 配置P10-P13为模拟输入，使能ADC模块
  14           */
  15          void BAT_ADC_Init(void) {
  16   1        // 设置P10-P13为高阻输入模式（模拟输入）
  17   1        P1M0 &= ~(0x0F); // P10-P13设置为高阻输入
  18   1        P1M1 |= 0x0F;
  19   1      
  20   1        // 设置ADC时钟分频，ADC时钟 = Fosc / (ADC_CLK + 1)
  21   1        // 建议ADC时钟在500kHz ~ 1.5MHz之间
  22   1        CLK_DIV &= ~(0x07); // 清除ADC时钟分频位
  23   1        CLK_DIV |= 0x03;    // ADC_CLK = 3, ADC时钟 = Fosc/4
  24   1      
  25   1        // 使能ADC电源
  26   1        ADC_CONTR |= 0x80; // ADC_POWER = 1
  27   1      
  28   1        // 延时等待ADC稳定
  29   1        // 实际应用中可添加适当延时
  30   1      }
  31          
  32          /**
  33           * @brief 读取指定通道的ADC原始值
  34           * @param ch: ADC通道 (BAT_CH1 ~ BAT_CH4)
  35           * @return 10位ADC值 (0 ~ 1023)
  36           */
  37          uint16_t BAT_ADC_Read(BAT_Channel ch) {
  38   1        uint16_t adc_value;
  39   1      
  40   1        // 选择ADC通道
  41   1        ADC_CONTR &= ~(0x0F);     // 清除通道选择位
  42   1        ADC_CONTR |= (ch & 0x0F); // 设置通道号
  43   1      
  44   1        // 启动ADC转换
  45   1        ADC_CONTR |= 0x40; // ADC_START = 1
  46   1      
  47   1        // 等待转换完成
  48   1        while (!(ADC_CONTR & 0x20))
  49   1          ; // 等待ADC_FLAG = 1
  50   1      
  51   1        // 读取ADC结果
  52   1        adc_value = (uint16_t)ADC_RES << 2;
  53   1        adc_value |= (ADC_RESL & 0x03);
  54   1      
C51 COMPILER V9.59.0.0   BAT                                                               07/03/2026 13:41:52 PAGE 2   

  55   1        // 清除转换完成标志
  56   1        ADC_CONTR &= ~(0x20); // ADC_FLAG = 0
  57   1      
  58   1        return adc_value;
  59   1      }
  60          
  61          /**
  62           * @brief 读取指定通道的电压值
  63           * @param ch: ADC通道 (BAT_CH1 ~ BAT_CH4)
  64           * @return 电压值，单位为伏特(V)
  65           */
  66          float BAT_ADC_ReadVoltage(BAT_Channel ch) {
  67   1        uint16_t adc_value = BAT_ADC_Read(ch);
  68   1        // 电压 = (ADC值 / 分辨率) * 参考电压
  69   1        return (adc_value / ADC_RESOLUTION) * REF_VOLTAGE;
  70   1      }
  71          
  72          // 电量估算
  73          float VoltageToSOC(float ocv) {
  74   1        uint8_t i, s1, s2;
  75   1        float v1, v2, ratio, soc;
  76   1        // SOC数组
  77   1        float v_table[] = {4.20f, 4.06f, 3.98f, 3.92f, 3.87f, 3.82f,
  78   1                           3.79f, 3.77f, 3.74f, 3.68f, 3.45f, 3.00f};
  79   1        uint8_t soc_table[] = {100, 90, 80, 70, 60, 50, 40, 30, 20, 10, 5, 0};
  80   1        uint8_t len = sizeof(v_table) / sizeof(float);
  81   1      
  82   1        // 满电/亏电边界
  83   1        if (ocv >= 4.20f)
  84   1          return 100;
  85   1        if (ocv <= 3.00f)
  86   1          return 0;
  87   1      
  88   1        // 查找区间
  89   1        for (i = 0; i < len - 1; i++) {
  90   2          v1 = v_table[i];
  91   2          v2 = v_table[i + 1];
  92   2          s1 = soc_table[i];
  93   2          s2 = soc_table[i + 1];
  94   2      
  95   2          if (ocv <= v1 && ocv >= v2) {
  96   3            // 线性插值
  97   3            ratio = (v1 - ocv) / (v1 - v2);
  98   3            soc = s1 - ratio * (s1 - s2);
  99   3            return (uint8_t)(soc + 0.5f);
 100   3          }
 101   2        }
 102   1        return 0;
 103   1      }


MODULE INFORMATION:   STATIC OVERLAYABLE
   CODE SIZE        =    596    ----
   CONSTANT SIZE    =     60    ----
   XDATA SIZE       =   ----      84
   PDATA SIZE       =   ----    ----
   DATA SIZE        =   ----    ----
   IDATA SIZE       =   ----    ----
   BIT SIZE         =   ----    ----
END OF MODULE INFORMATION.


C51 COMPILATION COMPLETE.  0 WARNING(S),  0 ERROR(S)
