C51 COMPILER V9.59.0.0   DELAY                                                             07/03/2026 13:41:52 PAGE 1   


C51 COMPILER V9.59.0.0, COMPILATION OF MODULE DELAY
OBJECT MODULE PLACED IN .\Objects\Delay.obj
COMPILER INVOKED BY: D:\Keil_v5\C51\BIN\C51.EXE SYS\Delay.c LARGE OPTIMIZE(8,SPEED) BROWSE INCDIR(.\DRIVER;..\51_18650bs
                    -mb;.\SYS) DEBUG OBJECTEXTEND PRINT(.\Listings\Delay.lst) TABS(2) OBJECT(.\Objects\Delay.obj)

line level    source

   1          #include "stc15w.h"
   2          
   3          void Delay1000ms(void) //@11.0592MHz
   4          {
   5   1        uint8_t data i, j, k;
   6   1      
   7   1        _nop_();
   8   1        _nop_();
   9   1        i = 43;
  10   1        j = 6;
  11   1        k = 203;
  12   1        do {
  13   2          do {
  14   3            while (--k)
  15   3              ;
  16   3          } while (--j);
  17   2        } while (--i);
  18   1      }
  19          
  20          void Delay1ms(void) //@11.0592MHz
  21          {
  22   1        uint8_t data i, j;
  23   1      
  24   1        _nop_();
  25   1        _nop_();
  26   1        _nop_();
  27   1        i = 11;
  28   1        j = 190;
  29   1        do {
  30   2          while (--j)
  31   2            ;
  32   2        } while (--i);
  33   1      }
  34          
  35          void Delay1us(void) //@11.0592MHz
  36          {
  37   1        _nop_();
  38   1        _nop_();
  39   1        _nop_();
  40   1      }
  41          
  42          void delay_ms(uint16_t ms) {
  43   1        while (ms--)
  44   1          Delay1ms();
  45   1      }


MODULE INFORMATION:   STATIC OVERLAYABLE
   CODE SIZE        =     57    ----
   CONSTANT SIZE    =   ----    ----
   XDATA SIZE       =   ----    ----
   PDATA SIZE       =   ----    ----
   DATA SIZE        =   ----       5
   IDATA SIZE       =   ----    ----
C51 COMPILER V9.59.0.0   DELAY                                                             07/03/2026 13:41:52 PAGE 2   

   BIT SIZE         =   ----    ----
END OF MODULE INFORMATION.


C51 COMPILATION COMPLETE.  0 WARNING(S),  0 ERROR(S)
