C51 COMPILER V9.59.0.0   MAIN                                                              07/10/2025 23:21:43 PAGE 1   


C51 COMPILER V9.59.0.0, COMPILATION OF MODULE MAIN
OBJECT MODULE PLACED IN .\Objects\main.obj
COMPILER INVOKED BY: D:\Keil_v5\C51\BIN\C51.EXE main.c OPTIMIZE(8,SPEED) BROWSE DEBUG OBJECTEXTEND PRINT(.\Listings\main
                    -.lst) TABS(2) OBJECT(.\Objects\main.obj)

line level    source

   1          #include "TM1637.h"
   2          #include <Timer.h>
   3          #include <Max7219.h>
   4          
   5          int main()
   6          {
   7   1        unsigned char i;
   8   1        unsigned char dat[8] = {1, 3, 4, 5, 5, 6, 3, 4};
   9   1        bit colonState = 1;
  10   1        // TM1637_Init();
  11   1        Max7219_Init();
  12   1        while (1)
  13   1        {
  14   2          // TM1637_Display4Num(1234, 1);
  15   2          // Delay_ms(1000);
  16   2          // TM1637_Display4Num(1234, 0);
  17   2          for (i = 0; i < 8; i++)
  18   2          {
  19   3            Max7219_Display(i + 1, dat[i], 1);
  20   3          }
  21   2      
  22   2          Delay_ms(1000);
  23   2        }
  24   1      }


MODULE INFORMATION:   STATIC OVERLAYABLE
   CODE SIZE        =     67    ----
   CONSTANT SIZE    =      8    ----
   XDATA SIZE       =   ----    ----
   PDATA SIZE       =   ----    ----
   DATA SIZE        =   ----       9
   IDATA SIZE       =   ----    ----
   BIT SIZE         =   ----       1
END OF MODULE INFORMATION.


C51 COMPILATION COMPLETE.  0 WARNING(S),  0 ERROR(S)
