C51 COMPILER V9.59.0.0   TIMER                                                             06/30/2025 23:50:22 PAGE 1   


C51 COMPILER V9.59.0.0, COMPILATION OF MODULE TIMER
OBJECT MODULE PLACED IN .\Objects\Timer.obj
COMPILER INVOKED BY: D:\Keil_v5\C51\BIN\C51.EXE Timer.c OPTIMIZE(8,SPEED) BROWSE DEBUG OBJECTEXTEND PRINT(.\Listings\Tim
                    -er.lst) TABS(2) OBJECT(.\Objects\Timer.obj)

line level    source

   1          #include <Timer.h>
   2          #include <INTRINS.H>
   3          
   4          void Delay_us(unsigned int t)
   5          {
   6   1          while (t--)
   7   1              ;
   8   1      }
   9          
  10          void Delay1000us(void) //@12.000MHz
  11          {
  12   1          unsigned char data i, j;
  13   1      
  14   1          i = 2;
  15   1          j = 239;
  16   1          do
  17   1          {
  18   2              while (--j)
  19   2                  ;
  20   2          } while (--i);
  21   1      }
  22          
  23          void Delay1000ms(void) //@12.000MHz
  24          {
  25   1          unsigned char data i, j, k;
  26   1      
  27   1          _nop_();
  28   1          i = 8;
  29   1          j = 154;
  30   1          k = 122;
  31   1          do
  32   1          {
  33   2              do
  34   2              {
  35   3                  while (--k)
  36   3                      ;
  37   3              } while (--j);
  38   2          } while (--i);
  39   1      }
  40          
  41          void Delay_ms(unsigned int i) //@12.000MHz
  42          {
  43   1          while (i)
  44   1          {
  45   2              Delay1000us();
  46   2              i--;
  47   2          }
  48   1      }
  49          
  50          void Delay_s(unsigned int i) //@12.000MHz
  51          {
  52   1          while (i)
  53   1          {
  54   2              Delay1000ms();
C51 COMPILER V9.59.0.0   TIMER                                                             06/30/2025 23:50:22 PAGE 2   

  55   2              i--;
  56   2          }
  57   1      }


MODULE INFORMATION:   STATIC OVERLAYABLE
   CODE SIZE        =     72    ----
   CONSTANT SIZE    =   ----    ----
   XDATA SIZE       =   ----    ----
   PDATA SIZE       =   ----    ----
   DATA SIZE        =   ----    ----
   IDATA SIZE       =   ----    ----
   BIT SIZE         =   ----    ----
END OF MODULE INFORMATION.


C51 COMPILATION COMPLETE.  0 WARNING(S),  0 ERROR(S)
