C51 COMPILER V9.59.0.0   DELAY                                                             07/24/2026 21:25:27 PAGE 1   


C51 COMPILER V9.59.0.0, COMPILATION OF MODULE DELAY
OBJECT MODULE PLACED IN .\Objects\Delay.obj
COMPILER INVOKED BY: D:\Keil_v5\C51\BIN\C51.EXE System\Delay.c COMPACT OPTIMIZE(8,SPEED) BROWSE INCDIR(.\Hardware;.\Syst
                    -em) DEBUG OBJECTEXTEND PRINT(.\Listings\Delay.lst) TABS(2) OBJECT(.\Objects\Delay.obj)

line level    source

   1          #include "Delay.h"
   2          #include <intrins.h>
   3          
   4          static unsigned char xdata i, j;
   5          
   6          void Delay1ms(void) //@11.0592MHz
   7          {
   8   1        _nop_();
   9   1        i = 2;
  10   1        j = 199;
  11   1        do {
  12   2          while (--j)
  13   2            ;
  14   2        } while (--i);
  15   1      }
  16          
  17          void Delay_ms(uint16_t ms) {
  18   1        while (ms--) {
  19   2          Delay1ms();
  20   2        }
  21   1      }
  22          
  23          void Delay_us(uint16_t us)  //@11.0592MHz
  24          {
  25   1        while(us--){
  26   2        _nop_();
  27   2        }
  28   1      
  29   1      }


MODULE INFORMATION:   STATIC OVERLAYABLE
   CODE SIZE        =     58    ----
   CONSTANT SIZE    =   ----    ----
   XDATA SIZE       =      2    ----
   PDATA SIZE       =   ----    ----
   DATA SIZE        =   ----    ----
   IDATA SIZE       =   ----    ----
   BIT SIZE         =   ----    ----
END OF MODULE INFORMATION.


C51 COMPILATION COMPLETE.  0 WARNING(S),  0 ERROR(S)
