C51 COMPILER V9.59.0.0   DISPLAY                                                           07/24/2026 22:53:06 PAGE 1   


C51 COMPILER V9.59.0.0, COMPILATION OF MODULE DISPLAY
OBJECT MODULE PLACED IN .\Objects\Display.obj
COMPILER INVOKED BY: D:\Keil_v5\C51\BIN\C51.EXE Display.c COMPACT OPTIMIZE(8,SPEED) BROWSE INCDIR(.\Hardware;.\System) D
                    -EBUG OBJECTEXTEND PRINT(.\Listings\Display.lst) TABS(2) OBJECT(.\Objects\Display.obj)

line level    source

   1          #include "Display.h"
   2          
   3          
   4          void Display_Init(void)
   5          {
   6   1          Max7219_Init();
   7   1      }
   8          
   9          
  10          void Display_SM_Mode(float speed, float mil){
  11   1          LED_SM_Mode();
  12   1          Max7219_DisplayFloatSplit(speed, mil, 2);
  13   1      }
  14          
  15          
  16          void Display_Obometry_Mode( float mil){
  17   1          LED_Obometry_Mode();
  18   1          Max7219_DisplayFloat(mil, 4);
  19   1      }


MODULE INFORMATION:   STATIC OVERLAYABLE
   CODE SIZE        =     79    ----
   CONSTANT SIZE    =   ----    ----
   XDATA SIZE       =   ----    ----
   PDATA SIZE       =   ----      12
   DATA SIZE        =   ----    ----
   IDATA SIZE       =   ----    ----
   BIT SIZE         =   ----    ----
END OF MODULE INFORMATION.


C51 COMPILATION COMPLETE.  0 WARNING(S),  0 ERROR(S)
