C51 COMPILER V9.59.0.0   LED                                                               07/24/2026 21:52:56 PAGE 1   


C51 COMPILER V9.59.0.0, COMPILATION OF MODULE LED
OBJECT MODULE PLACED IN .\Objects\led.obj
COMPILER INVOKED BY: D:\Keil_v5\C51\BIN\C51.EXE Hardware\led.c COMPACT OPTIMIZE(8,SPEED) BROWSE INCDIR(.\Hardware;.\Syst
                    -em) DEBUG OBJECTEXTEND PRINT(.\Listings\led.lst) TABS(2) OBJECT(.\Objects\led.obj)

line level    source

   1          #include "led.h"
   2          
   3          
   4          void LED_Init(void)
   5          {
   6   1          SM_MODE_LED = 1;
   7   1          OBOMETRY_MODE_LED = 1;
   8   1      }
   9          
  10          void LED_SM_Mode(void)
  11          {
  12   1          SM_MODE_LED = 0;
  13   1          OBOMETRY_MODE_LED = 1;
  14   1      }
  15          void LED_Obometry_Mode(void)
  16          {
  17   1          SM_MODE_LED = 1;
  18   1          OBOMETRY_MODE_LED = 0;
  19   1      }


MODULE INFORMATION:   STATIC OVERLAYABLE
   CODE SIZE        =     15    ----
   CONSTANT SIZE    =   ----    ----
   XDATA SIZE       =   ----    ----
   PDATA SIZE       =   ----    ----
   DATA SIZE        =   ----    ----
   IDATA SIZE       =   ----    ----
   BIT SIZE         =   ----    ----
END OF MODULE INFORMATION.


C51 COMPILATION COMPLETE.  0 WARNING(S),  0 ERROR(S)
