C51 COMPILER V9.59.0.0   MAIN                                                              07/24/2026 22:53:51 PAGE 1   


C51 COMPILER V9.59.0.0, COMPILATION OF MODULE MAIN
OBJECT MODULE PLACED IN .\Objects\main.obj
COMPILER INVOKED BY: D:\Keil_v5\C51\BIN\C51.EXE main.c COMPACT OPTIMIZE(8,SPEED) BROWSE INCDIR(.\Hardware;.\System) DEBU
                    -G OBJECTEXTEND PRINT(.\Listings\main.lst) TABS(2) OBJECT(.\Objects\main.obj)

line level    source

   1          #include "stc89c52.h"
   2          #include "Display.h"
   3          #include "obo.h"
   4          #include "Delay.h"
   5          #include "key.h"
   6          
   7          #define LAST_MODE_ADDR 0x01 //存储上次模式的地址
   8          
   9          bit Mode_Flag = 0; //0:SM_Mode, 1:Obometry_Mode
  10          bit Reset_Flag = 0; //0:不重置, 1:需重置
  11          
  12          void main(void)
  13          {
  14   1          Display_Init();
  15   1          // 从EEPROM中读取上次模式
  16   1          Mode_Flag = EEPROM_ReadByte(LAST_MODE_ADDR);
  17   1      
  18   1          while(1){
  19   2              
  20   2              if(Mode_Flag){
  21   3                  Display_SM_Mode(OBO_GET_SPEED(), OBO_GET_Miles());
  22   3              }
  23   2              else{
  24   3                  Display_Obometry_Mode(OBO_GET_SPEED());
  25   3      
  26   3              }
  27   2      
  28   2      
  29   2              // 重置里程
  30   2              Reset_Flag = Key_Scan();
  31   2              if(Reset_Flag){
  32   3                  OBO_SET_Millis(0);
  33   3                  Reset_Flag = 0;
  34   3              }
  35   2              // 保存当前模式到EEPROM
  36   2              if(Mode_Flag != EEPROM_ReadByte(LAST_MODE_ADDR)){
  37   3                  EEPROM_WriteByte(LAST_MODE_ADDR, Mode_Flag);
  38   3              }
  39   2                      Delay_ms(1000);
  40   2      
  41   2              }
  42   1          }
  43          
  44          
  45          
  46          void INT1_Isr(void) interrupt 2
  47          {
  48   1          Mode_Flag = !Mode_Flag;
  49   1      }


MODULE INFORMATION:   STATIC OVERLAYABLE
   CODE SIZE        =    111    ----
   CONSTANT SIZE    =   ----    ----
C51 COMPILER V9.59.0.0   MAIN                                                              07/24/2026 22:53:51 PAGE 2   

   XDATA SIZE       =   ----    ----
   PDATA SIZE       =   ----    ----
   DATA SIZE        =   ----    ----
   IDATA SIZE       =   ----    ----
   BIT SIZE         =      2    ----
END OF MODULE INFORMATION.


C51 COMPILATION COMPLETE.  0 WARNING(S),  0 ERROR(S)
