C51 COMPILER V9.59.0.0   UART                                                              07/24/2026 21:25:27 PAGE 1   


C51 COMPILER V9.59.0.0, COMPILATION OF MODULE UART
OBJECT MODULE PLACED IN .\Objects\uart.obj
COMPILER INVOKED BY: D:\Keil_v5\C51\BIN\C51.EXE System\uart.c COMPACT OPTIMIZE(8,SPEED) BROWSE INCDIR(.\Hardware;.\Syste
                    -m) DEBUG OBJECTEXTEND PRINT(.\Listings\uart.lst) TABS(2) OBJECT(.\Objects\uart.obj)

line level    source

   1          #include "uart.h"
   2          
   3          // 串口初始化 (UART1, 9600bps@11.0592MHz, 定时器2作波特率发生器)
   4          void UART_Init(void) // 9600bps@11.0592MHz
   5          {
   6   1        // SCON = 0x50;  // 8位数据,可变波特率, 模式1
   7   1        // AUXR |= 0x04; // 定时器时钟1T模式
   8   1        // AUXR |= 0x01; // 定时器2作为UART1的波特率发生器
   9   1        // T2L = 0xE0;   // 设置定时初始值
  10   1        // T2H = 0xFE;   // 设置定时初始值
  11   1        // AUXR |= 0x10; // 定时器2开始计时
  12   1      
  13   1          SCON = 0x50;    //8位数据,可变波特率
  14   1        AUXR |= 0x40;   //定时器时钟1T模式
  15   1        AUXR &= 0xFE;   //串口1选择定时器1为波特率发生器
  16   1        TMOD &= 0x0F;   //设置定时器模式
  17   1        TL1 = 0xE0;     //设置定时初始值
  18   1        TH1 = 0xFE;     //设置定时初始值
  19   1        ET1 = 0;      //禁止定时器中断
  20   1        TR1 = 1;      //定时器1开始计时
  21   1      }
  22          
  23          // 发送一个字节
  24          void UART_SendByte(uint8_t byte) {
  25   1        SBUF = byte;
  26   1        while (!TI)
  27   1          ;
  28   1        TI = 0;
  29   1      }
  30          
  31          // 发送字符串
  32          void UART_SendString(uint8_t *str) {
  33   1        while (*str) {
  34   2          UART_SendByte(*str++);
  35   2        }
  36   1      }
  37          
  38          // 发送十六进制数
  39          void UART_SendHex(uint8_t byte) {
  40   1        uint8_t high, low;
  41   1        high = byte >> 4;
  42   1        low = byte & 0x0F;
  43   1      
  44   1        // 发送高位
  45   1        if (high < 10)
  46   1          UART_SendByte('0' + high);
  47   1        else
  48   1          UART_SendByte('A' + (high - 10));
  49   1      
  50   1        // 发送低位
  51   1        if (low < 10)
  52   1          UART_SendByte('0' + low);
  53   1        else
  54   1          UART_SendByte('A' + (low - 10));
C51 COMPILER V9.59.0.0   UART                                                              07/24/2026 21:25:27 PAGE 2   

  55   1      }


MODULE INFORMATION:   STATIC OVERLAYABLE
   CODE SIZE        =    135    ----
   CONSTANT SIZE    =   ----    ----
   XDATA SIZE       =   ----    ----
   PDATA SIZE       =   ----       3
   DATA SIZE        =   ----    ----
   IDATA SIZE       =   ----    ----
   BIT SIZE         =   ----    ----
END OF MODULE INFORMATION.


C51 COMPILATION COMPLETE.  0 WARNING(S),  0 ERROR(S)
